SF:lib/data/datasources/local_data_source.dart
DA:12,1
DA:18,1
DA:21,2
DA:23,2
LF:4
LH:4
end_of_record
SF:lib/data/helpers/exceptions.dart
DA:5,3
DA:7,1
DA:9,3
DA:15,6
LF:4
LH:4
end_of_record
SF:lib/domain/entities/gilded_rose_model.dart
DA:18,8
DA:29,8
LF:2
LH:2
end_of_record
SF:lib/domain/entities/gilded_rose_model.g.dart
DA:9,4
DA:10,4
DA:11,4
DA:12,4
DA:13,4
DA:14,4
DA:15,4
DA:16,4
DA:17,4
DA:18,12
DA:19,4
DA:22,2
DA:23,2
DA:24,2
DA:25,2
DA:26,2
DA:27,2
DA:28,2
DA:29,2
DA:30,2
DA:33,8
DA:34,4
DA:35,4
DA:36,4
DA:39,4
DA:40,2
DA:41,2
DA:42,2
LF:28
LH:28
end_of_record
SF:lib/data/helpers/failure.dart
DA:3,2
DA:7,3
LF:2
LH:2
end_of_record
SF:lib/data/helpers/local_data_client.dart
DA:7,1
DA:15,1
DA:16,2
DA:18,2
DA:21,2
LF:5
LH:5
end_of_record
SF:lib/domain/usecases/get_gilded_rose_data.dart
DA:10,1
DA:12,1
DA:13,2
LF:3
LH:3
end_of_record
SF:lib/data/repositories/gilded_rose_repository_impl.dart
DA:13,1
DA:17,1
DA:20,2
DA:21,2
DA:22,1
DA:24,3
LF:6
LH:6
end_of_record
SF:lib/presentation/bloc/items/gilded_rose_cubit.dart
DA:14,2
DA:17,1
DA:18,4
DA:19,2
DA:20,1
DA:21,1
DA:22,4
DA:24,1
DA:25,1
DA:26,4
DA:33,1
DA:34,3
DA:35,2
DA:36,3
DA:37,1
DA:42,1
DA:43,3
DA:44,4
DA:45,1
DA:51,0
DA:52,0
DA:53,0
DA:54,0
DA:57,1
DA:58,3
DA:59,4
DA:60,2
DA:63,2
DA:64,1
DA:65,3
DA:66,1
DA:67,3
DA:68,1
DA:69,3
DA:70,1
DA:72,2
DA:77,1
DA:81,0
DA:86,1
DA:87,2
DA:88,3
DA:89,7
DA:90,7
DA:96,1
DA:97,2
DA:98,3
DA:99,7
DA:100,7
DA:107,1
DA:108,1
DA:110,2
DA:111,4
DA:112,2
DA:113,8
DA:114,2
DA:115,8
DA:119,5
DA:125,1
DA:126,2
DA:127,7
DA:128,11
DA:129,7
DA:133,1
DA:134,3
DA:138,1
DA:139,1
DA:140,4
DA:144,1
DA:145,4
LF:69
LH:64
end_of_record
SF:lib/presentation/bloc/items/gilded_rose_state.dart
DA:14,2
LF:1
LH:1
end_of_record
